<?xml version="1.0" encoding="UTF-8"?>
<testng-results ignored="0" total="3" passed="3" failed="0" skipped="0">
  <reporter-output>
  </reporter-output>
  <suite started-at="2021-09-14T10:12:35Z" name="Suite" finished-at="2021-09-14T10:12:48Z" duration-ms="12995">
    <groups>
    </groups>
    <test started-at="2021-09-14T10:12:35Z" name="Test" finished-at="2021-09-14T10:12:48Z" duration-ms="12995">
      <class name="seleniums.HomePageTest">
        <test-method signature="homeSubmit()[pri:0, instance:seleniums.HomePageTest@30c8681]" started-at="2021-09-14T15:42:35Z" name="homeSubmit" finished-at="2021-09-14T15:42:48Z" duration-ms="12953" status="PASS">
          <reporter-output>
          </reporter-output>
        </test-method> <!-- homeSubmit -->
      </class> <!-- seleniums.HomePageTest -->
      <class name="seleniums.FormPageTest">
        <test-method signature="formSubmitTest()[pri:0, instance:seleniums.FormPageTest@1f75a668]" started-at="2021-09-14T15:42:48Z" name="formSubmitTest" finished-at="2021-09-14T15:42:48Z" duration-ms="2" status="PASS">
          <reporter-output>
          </reporter-output>
        </test-method> <!-- formSubmitTest -->
      </class> <!-- seleniums.FormPageTest -->
      <class name="seleniums.LoginPageTest">
        <test-method signature="loginTest()[pri:0, instance:seleniums.LoginPageTest@35399441]" started-at="2021-09-14T15:42:48Z" name="loginTest" finished-at="2021-09-14T15:42:48Z" duration-ms="5" status="PASS">
          <reporter-output>
          </reporter-output>
        </test-method> <!-- loginTest -->
      </class> <!-- seleniums.LoginPageTest -->
    </test> <!-- Test -->
  </suite> <!-- Suite -->
</testng-results>
