<?xml version="1.0" encoding="UTF-8"?>
<!-- Generated by org.testng.reporters.JUnitXMLReporter -->
<testsuite ignored="0" hostname="DESKTOP-PFE67IQ" failures="0" tests="3" name="Test" time="12.995" errors="0" timestamp="14 Sep 2021 10:12:48 GMT">
  <testcase classname="seleniums.HomePageTest" name="homeSubmit" time="12.953"/>
  <testcase classname="seleniums.FormPageTest" name="formSubmitTest" time="0.002"/>
  <testcase classname="seleniums.LoginPageTest" name="loginTest" time="0.005"/>
</testsuite> <!-- Test -->
